<?xml version="1.0" encoding="UTF-8"?>
<testng-results ignored="0" total="1" passed="1" failed="0" skipped="0">
  <reporter-output>
  </reporter-output>
  <suite started-at="2019-01-14T05:02:42Z" name="Surefire suite" finished-at="2019-01-14T05:02:42Z" duration-ms="33">
    <groups>
    </groups>
    <test started-at="2019-01-14T05:02:42Z" name="Surefire test" finished-at="2019-01-14T05:02:42Z" duration-ms="33">
      <class name="MyFirstMavenProject.italyTest">
        <test-method signature="Showsecond()[pri:0, instance:MyFirstMavenProject.italyTest@245b4bdc]" started-at="2019-01-14T05:02:42Z" name="Showsecond" finished-at="2019-01-14T05:02:42Z" duration-ms="11" status="PASS">
          <reporter-output>
          </reporter-output>
        </test-method> <!-- Showsecond -->
      </class> <!-- MyFirstMavenProject.italyTest -->
    </test> <!-- Surefire test -->
  </suite> <!-- Surefire suite -->
</testng-results>
